2019-08-28 15:46:49,778 - root - INFO - 测试开始啦 - [logger.py:26]
2019-08-28 15:46:49,779 - root - ERROR - 测试报错 - [logger.py:27]
2019-08-28 15:46:49,779 - root - INFO - 测试结束 - [logger.py:29]
2019-08-28 17:02:30,321 - root - INFO - 测试开始啦 - [logger.py:26]
2019-08-28 17:02:30,321 - root - ERROR - 测试报错 - [logger.py:27]
2019-08-28 17:02:30,321 - root - INFO - 测试结束 - [logger.py:29]
2019-08-28 17:27:47,325 - root - INFO - 测试开始啦 - [logger.py:26]
2019-08-28 17:27:47,325 - root - ERROR - 测试报错 - [logger.py:27]
2019-08-28 17:27:47,325 - root - INFO - 测试结束 - [logger.py:29]
2019-08-28 17:27:47,926 - root - INFO - 准备测试前置 - [test_login.py:19]
2019-08-28 17:27:47,926 - root - INFO - 准备测试前置 - [test_login.py:19]
2019-08-28 17:27:47,926 - root - INFO - 准备测试前置 - [test_login.py:19]
2019-08-28 17:27:47,928 - root - INFO - 开始测试正常登录 - [test_login.py:24]
2019-08-28 17:27:47,928 - root - INFO - 开始测试正常登录 - [test_login.py:24]
2019-08-28 17:27:47,928 - root - INFO - 开始测试正常登录 - [test_login.py:24]
2019-08-28 17:27:48,093 - root - INFO - 开始测试输入错误的密码 - [test_login.py:24]
2019-08-28 17:27:48,093 - root - INFO - 开始测试输入错误的密码 - [test_login.py:24]
2019-08-28 17:27:48,093 - root - INFO - 开始测试输入错误的密码 - [test_login.py:24]
2019-08-28 17:27:48,211 - root - INFO - 开始测试不输入密码 - [test_login.py:24]
2019-08-28 17:27:48,211 - root - INFO - 开始测试不输入密码 - [test_login.py:24]
2019-08-28 17:27:48,211 - root - INFO - 开始测试不输入密码 - [test_login.py:24]
2019-08-28 17:27:48,316 - root - INFO - 开始测试不输入手机号码 - [test_login.py:24]
2019-08-28 17:27:48,316 - root - INFO - 开始测试不输入手机号码 - [test_login.py:24]
2019-08-28 17:27:48,316 - root - INFO - 开始测试不输入手机号码 - [test_login.py:24]
2019-08-28 17:27:48,404 - root - INFO - 测试后置处理 - [test_login.py:37]
2019-08-28 17:27:48,404 - root - INFO - 测试后置处理 - [test_login.py:37]
2019-08-28 17:27:48,404 - root - INFO - 测试后置处理 - [test_login.py:37]
2019-08-28 17:43:27,271 - root - INFO - 测试开始啦 - [logger.py:26]
2019-08-28 17:43:27,271 - root - ERROR - 测试报错 - [logger.py:27]
2019-08-28 17:43:27,271 - root - INFO - 测试结束 - [logger.py:29]
2019-08-28 17:43:28,434 - root - INFO - 准备测试前置 - [test_login.py:19]
2019-08-28 17:43:28,434 - root - INFO - 准备测试前置 - [test_login.py:19]
2019-08-28 17:43:28,434 - root - INFO - 准备测试前置 - [test_login.py:19]
2019-08-28 17:43:28,434 - root - INFO - 开始测试正常登录 - [test_login.py:24]
2019-08-28 17:43:28,434 - root - INFO - 开始测试正常登录 - [test_login.py:24]
2019-08-28 17:43:28,434 - root - INFO - 开始测试正常登录 - [test_login.py:24]
2019-08-28 17:43:28,564 - root - INFO - 开始测试输入错误的密码 - [test_login.py:24]
2019-08-28 17:43:28,564 - root - INFO - 开始测试输入错误的密码 - [test_login.py:24]
2019-08-28 17:43:28,564 - root - INFO - 开始测试输入错误的密码 - [test_login.py:24]
2019-08-28 17:43:28,669 - root - INFO - 开始测试不输入密码 - [test_login.py:24]
2019-08-28 17:43:28,669 - root - INFO - 开始测试不输入密码 - [test_login.py:24]
2019-08-28 17:43:28,669 - root - INFO - 开始测试不输入密码 - [test_login.py:24]
2019-08-28 17:43:28,754 - root - INFO - 开始测试不输入手机号码 - [test_login.py:24]
2019-08-28 17:43:28,754 - root - INFO - 开始测试不输入手机号码 - [test_login.py:24]
2019-08-28 17:43:28,754 - root - INFO - 开始测试不输入手机号码 - [test_login.py:24]
2019-08-28 17:43:28,849 - root - INFO - 测试后置处理 - [test_login.py:37]
2019-08-28 17:43:28,849 - root - INFO - 测试后置处理 - [test_login.py:37]
2019-08-28 17:43:28,849 - root - INFO - 测试后置处理 - [test_login.py:37]
2019-08-28 17:49:22,571 - root - INFO - 测试开始啦 - [logger.py:26]
2019-08-28 17:49:22,571 - root - ERROR - 测试报错 - [logger.py:27]
2019-08-28 17:49:22,571 - root - INFO - 测试结束 - [logger.py:29]
2019-08-28 17:49:24,468 - root - INFO - 准备测试前置 - [test_login.py:19]
2019-08-28 17:49:24,468 - root - INFO - 准备测试前置 - [test_login.py:19]
2019-08-28 17:49:24,468 - root - INFO - 准备测试前置 - [test_login.py:19]
2019-08-28 17:49:24,468 - root - INFO - 准备测试前置 - [test_login.py:19]
2019-08-28 17:49:24,469 - root - INFO - 开始测试正常登录 - [test_login.py:24]
2019-08-28 17:49:24,469 - root - INFO - 开始测试正常登录 - [test_login.py:24]
2019-08-28 17:49:24,469 - root - INFO - 开始测试正常登录 - [test_login.py:24]
2019-08-28 17:49:24,469 - root - INFO - 开始测试正常登录 - [test_login.py:24]
2019-08-28 17:49:24,594 - root - INFO - 开始测试输入错误的密码 - [test_login.py:24]
2019-08-28 17:49:24,594 - root - INFO - 开始测试输入错误的密码 - [test_login.py:24]
2019-08-28 17:49:24,594 - root - INFO - 开始测试输入错误的密码 - [test_login.py:24]
2019-08-28 17:49:24,594 - root - INFO - 开始测试输入错误的密码 - [test_login.py:24]
2019-08-28 17:49:24,719 - root - INFO - 开始测试不输入密码 - [test_login.py:24]
2019-08-28 17:49:24,719 - root - INFO - 开始测试不输入密码 - [test_login.py:24]
2019-08-28 17:49:24,719 - root - INFO - 开始测试不输入密码 - [test_login.py:24]
2019-08-28 17:49:24,719 - root - INFO - 开始测试不输入密码 - [test_login.py:24]
2019-08-28 17:49:24,807 - root - INFO - 开始测试不输入手机号码 - [test_login.py:24]
2019-08-28 17:49:24,807 - root - INFO - 开始测试不输入手机号码 - [test_login.py:24]
2019-08-28 17:49:24,807 - root - INFO - 开始测试不输入手机号码 - [test_login.py:24]
2019-08-28 17:49:24,807 - root - INFO - 开始测试不输入手机号码 - [test_login.py:24]
2019-08-28 17:49:24,909 - root - INFO - 测试后置处理 - [test_login.py:37]
2019-08-28 17:49:24,909 - root - INFO - 测试后置处理 - [test_login.py:37]
2019-08-28 17:49:24,909 - root - INFO - 测试后置处理 - [test_login.py:37]
2019-08-28 17:49:24,909 - root - INFO - 测试后置处理 - [test_login.py:37]
2019-08-28 17:51:52,362 - root - INFO - 测试开始啦 - [logger.py:26]
2019-08-28 17:51:52,362 - root - ERROR - 测试报错 - [logger.py:27]
2019-08-28 17:51:52,362 - root - INFO - 测试结束 - [logger.py:29]
2019-08-28 17:51:53,866 - root - INFO - 准备测试前置 - [test_login.py:19]
2019-08-28 17:51:53,866 - root - INFO - 准备测试前置 - [test_login.py:19]
2019-08-28 17:51:53,866 - root - INFO - 准备测试前置 - [test_login.py:19]
2019-08-28 17:51:53,866 - root - INFO - 准备测试前置 - [test_login.py:19]
2019-08-28 17:51:53,867 - root - INFO - 开始测试正常登录 - [test_login.py:24]
2019-08-28 17:51:53,867 - root - INFO - 开始测试正常登录 - [test_login.py:24]
2019-08-28 17:51:53,867 - root - INFO - 开始测试正常登录 - [test_login.py:24]
2019-08-28 17:51:53,867 - root - INFO - 开始测试正常登录 - [test_login.py:24]
2019-08-28 17:51:55,379 - root - INFO - 开始测试输入错误的密码 - [test_login.py:24]
2019-08-28 17:51:55,379 - root - INFO - 开始测试输入错误的密码 - [test_login.py:24]
2019-08-28 17:51:55,379 - root - INFO - 开始测试输入错误的密码 - [test_login.py:24]
2019-08-28 17:51:55,379 - root - INFO - 开始测试输入错误的密码 - [test_login.py:24]
2019-08-28 17:51:55,505 - root - INFO - 开始测试不输入密码 - [test_login.py:24]
2019-08-28 17:51:55,505 - root - INFO - 开始测试不输入密码 - [test_login.py:24]
2019-08-28 17:51:55,505 - root - INFO - 开始测试不输入密码 - [test_login.py:24]
2019-08-28 17:51:55,505 - root - INFO - 开始测试不输入密码 - [test_login.py:24]
2019-08-28 17:51:55,590 - root - INFO - 开始测试不输入手机号码 - [test_login.py:24]
2019-08-28 17:51:55,590 - root - INFO - 开始测试不输入手机号码 - [test_login.py:24]
2019-08-28 17:51:55,590 - root - INFO - 开始测试不输入手机号码 - [test_login.py:24]
2019-08-28 17:51:55,590 - root - INFO - 开始测试不输入手机号码 - [test_login.py:24]
2019-08-28 17:51:55,672 - root - INFO - 测试后置处理 - [test_login.py:37]
2019-08-28 17:51:55,672 - root - INFO - 测试后置处理 - [test_login.py:37]
2019-08-28 17:51:55,672 - root - INFO - 测试后置处理 - [test_login.py:37]
2019-08-28 17:51:55,672 - root - INFO - 测试后置处理 - [test_login.py:37]
